<?xml version="1.0" encoding="UTF-8"?>
<!-- Generated by org.testng.reporters.JUnitReportReporter -->
<testsuite hostname="DESKTOP-UQP0FL8" failures="0" tests="1" name="Runner.TestCase2" time="33.101" errors="0" timestamp="2022-05-15T21:18:42 IST" skipped="0">
  <testcase classname="Runner.TestCase2" name="Test2navigation" time="33.101"/>
  <system-out/>
</testsuite> <!-- Runner.TestCase2 -->
